{
  "stats": {
    "suites": 1,
    "tests": 1,
    "passes": 1,
    "pending": 0,
    "failures": 0,
    "start": "2025-03-19T07:04:32.276Z",
    "end": "2025-03-19T07:05:22.960Z",
    "duration": 50684,
    "testsRegistered": 1,
    "passPercent": 100,
    "pendingPercent": 0,
    "other": 0,
    "hasOther": false,
    "skipped": 0,
    "hasSkipped": false
  },
  "results": [
    {
      "uuid": "504fc368-4acb-49a7-885c-d953eeb0efed",
      "title": "",
      "fullFile": "cypress/e2e/createGatewayServiceWoData.cy.js",
      "file": "cypress/e2e/createGatewayServiceWoData.cy.js",
      "beforeHooks": [],
      "afterHooks": [],
      "tests": [],
      "suites": [
        {
          "uuid": "0210afd8-6cd7-4b30-b600-9029e8956711",
          "title": "Create Gateway Service wo historical data",
          "fullFile": "",
          "file": "",
          "beforeHooks": [],
          "afterHooks": [],
          "tests": [
            {
              "title": "create service by full url without historical data",
              "fullTitle": "Create Gateway Service wo historical data create service by full url without historical data",
              "timedOut": null,
              "duration": 21854,
              "state": "passed",
              "speed": "slow",
              "pass": true,
              "fail": false,
              "pending": false,
              "context": null,
              "code": "cy.allure().step('create a new gateway by full url');\ngatewayServicesPage.createNewGatewayByFullUrl(gatewayServiceName, gatewayServiceTags, gatewayServiceUrl, false).withViewAdvancedFields({\n  retries: 3,\n  timeout: 5000\n}).save();\ncy.allure().step('create a new route under the gateway');\ngatewayServiceDetailRoutePage.addRoute();\ngatewayServiceDetailRoutePage.createRoute(routeName, routeTags, routeProtocol, routeOptions);",
              "err": {},
              "uuid": "70924f68-bb3a-4244-a1b8-52deeab15a0d",
              "parentUUID": "0210afd8-6cd7-4b30-b600-9029e8956711",
              "isHook": false,
              "skipped": false
            }
          ],
          "suites": [],
          "passes": [
            "70924f68-bb3a-4244-a1b8-52deeab15a0d"
          ],
          "failures": [],
          "pending": [],
          "skipped": [],
          "duration": 21854,
          "root": false,
          "rootEmpty": false,
          "_timeout": 2000
        }
      ],
      "passes": [],
      "failures": [],
      "pending": [],
      "skipped": [],
      "duration": 0,
      "root": true,
      "rootEmpty": true,
      "_timeout": 2000
    }
  ],
  "meta": {
    "mocha": {
      "version": "7.0.1"
    },
    "mochawesome": {
      "options": {
        "quiet": false,
        "reportFilename": "mochawesome",
        "saveHtml": true,
        "saveJson": true,
        "consoleReporter": "spec",
        "useInlineDiffs": false,
        "code": true
      },
      "version": "7.1.3"
    },
    "marge": {
      "options": {
        "reportDir": "cypress/reports/mochawesome",
        "overwrite": false,
        "html": true,
        "json": true
      },
      "version": "6.2.0"
    }
  }
}