{
  "stats": {
    "suites": 1,
    "tests": 1,
    "passes": 1,
    "pending": 0,
    "failures": 0,
    "start": "2025-03-19T07:03:21.405Z",
    "end": "2025-03-19T07:04:21.529Z",
    "duration": 60124,
    "testsRegistered": 1,
    "passPercent": 100,
    "pendingPercent": 0,
    "other": 0,
    "hasOther": false,
    "skipped": 0,
    "hasSkipped": false
  },
  "results": [
    {
      "uuid": "14291a6d-eea4-40a3-96d8-b9258efe8986",
      "title": "",
      "fullFile": "cypress/e2e/createGatewayServiceWData.cy.js",
      "file": "cypress/e2e/createGatewayServiceWData.cy.js",
      "beforeHooks": [],
      "afterHooks": [],
      "tests": [],
      "suites": [
        {
          "uuid": "04a27298-072a-43c4-ae05-26ad5aef42eb",
          "title": "Create Gateway Service w historical data",
          "fullFile": "",
          "file": "",
          "beforeHooks": [],
          "afterHooks": [],
          "tests": [
            {
              "title": "create service by full url with historical data",
              "fullTitle": "Create Gateway Service w historical data create service by full url with historical data",
              "timedOut": null,
              "duration": 24582,
              "state": "passed",
              "speed": "slow",
              "pass": true,
              "fail": false,
              "pending": false,
              "context": null,
              "code": "cy.allure().step('create a new gateway by full url');\ngatewayServicesPage.visit();\ngatewayServicesPage.createNewGatewayByFullUrl(gatewayServiceName, gatewayServiceTag, gatewayServiceUrl, true).withViewAdvancedFields({\n  retries: 3,\n  timeout: 5000\n  // TLS: true\n  // certArray: [1001, 1002]\n}).save();",
              "err": {},
              "uuid": "68d9f018-104f-446e-9e5b-8e5f21e419bc",
              "parentUUID": "04a27298-072a-43c4-ae05-26ad5aef42eb",
              "isHook": false,
              "skipped": false
            }
          ],
          "suites": [],
          "passes": [
            "68d9f018-104f-446e-9e5b-8e5f21e419bc"
          ],
          "failures": [],
          "pending": [],
          "skipped": [],
          "duration": 24582,
          "root": false,
          "rootEmpty": false,
          "_timeout": 2000
        }
      ],
      "passes": [],
      "failures": [],
      "pending": [],
      "skipped": [],
      "duration": 0,
      "root": true,
      "rootEmpty": true,
      "_timeout": 2000
    }
  ],
  "meta": {
    "mocha": {
      "version": "7.0.1"
    },
    "mochawesome": {
      "options": {
        "quiet": false,
        "reportFilename": "mochawesome",
        "saveHtml": true,
        "saveJson": true,
        "consoleReporter": "spec",
        "useInlineDiffs": false,
        "code": true
      },
      "version": "7.1.3"
    },
    "marge": {
      "options": {
        "reportDir": "cypress/reports/mochawesome",
        "overwrite": false,
        "html": true,
        "json": true
      },
      "version": "6.2.0"
    }
  }
}